<?xml version="1.0" encoding="UTF-8"?>
<testng-results skipped="0" failed="0" ignored="0" total="2" passed="2">
  <reporter-output>
  </reporter-output>
  <suite name="Default suite" duration-ms="126" started-at="2024-03-06T08:39:36Z" finished-at="2024-03-06T08:39:36Z">
    <groups>
    </groups>
    <test name="Default test" duration-ms="126" started-at="2024-03-06T08:39:36Z" finished-at="2024-03-06T08:39:36Z">
      <class name="org.test.Sample1">
        <test-method status="PASS" signature="beforeClass()[pri:0, instance:org.test.Sample1@42e26948]" name="beforeClass" is-config="true" duration-ms="12" started-at="2024-03-06T08:39:36Z" finished-at="2024-03-06T08:39:36Z">
          <reporter-output>
          </reporter-output>
        </test-method> <!-- beforeClass -->
        <test-method status="PASS" signature="beforeMethod()[pri:0, instance:org.test.Sample1@42e26948]" name="beforeMethod" is-config="true" duration-ms="1" started-at="2024-03-06T08:39:36Z" finished-at="2024-03-06T08:39:36Z">
          <reporter-output>
          </reporter-output>
        </test-method> <!-- beforeMethod -->
        <test-method status="PASS" signature="test()[pri:0, instance:org.test.Sample1@42e26948]" name="test" duration-ms="20" started-at="2024-03-06T08:39:36Z" finished-at="2024-03-06T08:39:36Z">
          <reporter-output>
          </reporter-output>
        </test-method> <!-- test -->
        <test-method status="PASS" signature="afterMethod()[pri:0, instance:org.test.Sample1@42e26948]" name="afterMethod" is-config="true" duration-ms="0" started-at="2024-03-06T08:39:36Z" finished-at="2024-03-06T08:39:36Z">
          <reporter-output>
          </reporter-output>
        </test-method> <!-- afterMethod -->
        <test-method status="PASS" signature="beforeMethod()[pri:0, instance:org.test.Sample1@42e26948]" name="beforeMethod" is-config="true" duration-ms="0" started-at="2024-03-06T08:39:36Z" finished-at="2024-03-06T08:39:36Z">
          <reporter-output>
          </reporter-output>
        </test-method> <!-- beforeMethod -->
        <test-method status="PASS" signature="test2()[pri:0, instance:org.test.Sample1@42e26948]" name="test2" duration-ms="10" started-at="2024-03-06T08:39:36Z" finished-at="2024-03-06T08:39:36Z">
          <reporter-output>
          </reporter-output>
        </test-method> <!-- test2 -->
        <test-method status="PASS" signature="afterClass()[pri:0, instance:org.test.Sample1@42e26948]" name="afterClass" is-config="true" duration-ms="1" started-at="2024-03-06T08:39:36Z" finished-at="2024-03-06T08:39:36Z">
          <reporter-output>
          </reporter-output>
        </test-method> <!-- afterClass -->
        <test-method status="PASS" signature="afterMethod()[pri:0, instance:org.test.Sample1@42e26948]" name="afterMethod" is-config="true" duration-ms="0" started-at="2024-03-06T08:39:36Z" finished-at="2024-03-06T08:39:36Z">
          <reporter-output>
          </reporter-output>
        </test-method> <!-- afterMethod -->
      </class> <!-- org.test.Sample1 -->
    </test> <!-- Default test -->
  </suite> <!-- Default suite -->
</testng-results>
